#
# A fatal error has been detected by the Java Runtime Environment:
#
#  EXCEPTION_ACCESS_VIOLATION (0xc0000005) at pc=0x00007ffc666e2c62, pid=13440, tid=18320
#
# JRE version: OpenJDK Runtime Environment Temurin-17.0.4+8 (17.0.4+8) (build 17.0.4+8)
# Java VM: OpenJDK 64-Bit Server VM Temurin-17.0.4+8 (17.0.4+8, mixed mode, tiered, compressed oops, compressed class ptrs, g1 gc, windows-amd64)
# Problematic frame:
# C  [ntdll.dll+0x32c62]
#
# No core dump will be written. Minidumps are not enabled by default on client versions of Windows
#
# If you would like to submit a bug report, please visit:
#   https://github.com/adoptium/adoptium-support/issues
# The crash happened outside the Java Virtual Machine in native code.
# See problematic frame for where to report the bug.
#

---------------  S U M M A R Y ------------

Command Line: -Dfile.encoding=UTF-8 --module-path=C:\Users\misha\git\checkmate\chess\bin -XX:+ShowCodeDetailsInExceptionMessages -Djdk.module.main=chess chess/com.checkmate.main.Main

Host: AMD Ryzen 5 3400G with Radeon Vega Graphics    , 8 cores, 13G,  Windows 10 , 64 bit Build 19041 (10.0.19041.1889)
Time: Sat Oct 29 19:21:12 2022  Windows 10 , 64 bit Build 19041 (10.0.19041.1889) elapsed time: 9.335136 seconds (0d 0h 0m 9s)

---------------  T H R E A D  ---------------

Current thread (0x000002a0da3802e0):  JavaThread "Thread-0" [_thread_in_native, id=18320, stack(0x000000dc9eb00000,0x000000dc9ec00000)]

Stack: [0x000000dc9eb00000,0x000000dc9ec00000],  sp=0x000000dc9ebfe0e0,  free space=1016k
Native frames: (J=compiled Java code, j=interpreted, Vv=VM code, C=native code)
C  [ntdll.dll+0x32c62]
C  [ntdll.dll+0x513bc]
C  [ntdll.dll+0xa0f4e]
C  [ntdll.dll+0x63526]
C  [ntdll.dll+0x2fcb4]
C  [ntdll.dll+0x2fae2]
C  0x00007ffc58b3fe5c

Java frames: (J=compiled Java code, j=interpreted, Vv=VM code)
j  sun.java2d.d3d.D3DSurfaceData.initOps(III)V+0 java.desktop@17.0.4
j  sun.java2d.d3d.D3DSurfaceData.<init>(Lsun/awt/windows/WComponentPeer;Lsun/java2d/d3d/D3DGraphicsConfig;IILjava/awt/Image;Ljava/awt/image/ColorModel;IILsun/java2d/pipe/hw/ExtendedBufferCapabilities$VSyncType;I)V+212 java.desktop@17.0.4
j  sun.java2d.d3d.D3DSurfaceData.createData(Lsun/awt/windows/WComponentPeer;Ljava/awt/Image;)Lsun/java2d/d3d/D3DSurfaceData;+117 java.desktop@17.0.4
j  sun.java2d.d3d.D3DVolatileSurfaceManager.initAcceleratedSurface()Lsun/java2d/SurfaceData;+68 java.desktop@17.0.4
j  sun.java2d.d3d.D3DVolatileSurfaceManager.restoreAcceleratedSurface()V+49 java.desktop@17.0.4
J 1454 c1 sun.awt.image.VolatileSurfaceManager.validate(Ljava/awt/GraphicsConfiguration;)I java.desktop@17.0.4 (213 bytes) @ 0x000002a0beddac04 [0x000002a0bedda680+0x0000000000000584]
J 1462 c1 java.awt.Component$FlipBufferStrategy.revalidate()V java.desktop@17.0.4 (145 bytes) @ 0x000002a0beddeb64 [0x000002a0bedde640+0x0000000000000524]
J 1539 c1 com.checkmate.core.Display.swapBuffers()V chess (28 bytes) @ 0x000002a0bee0604c [0x000002a0bee05e80+0x00000000000001cc]
J 1458 c1 com.checkmate.core.GameContainer.render()V chess (51 bytes) @ 0x000002a0beddd094 [0x000002a0beddcd40+0x0000000000000354]
j  com.checkmate.core.GameContainer.run()V+132 chess
j  java.lang.Thread.run()V+11 java.base@17.0.4
v  ~StubRoutines::call_stub

siginfo: EXCEPTION_ACCESS_VIOLATION (0xc0000005), reading address 0x00007ffc58cf9174


Register to memory mapping:

RIP=0x00007ffc666e2c62 ntdll.dll
RAX=0x000000000000305d is an unknown value
RBX=0x000000000000fe5c is an unknown value
RCX=0x000000000000c180 is an unknown value
RDX=0x0000000000001020 is an unknown value
RSP=0x000000dc9ebfe0e0 is pointing into the stack for thread: 0x000002a0da3802e0
RBP=0x000000dc9ebfe670 is pointing into the stack for thread: 0x000002a0da3802e0
RSI=0x0 is NULL
RDI=0x00007ffc58ced000 is an unknown value
R8 =0x00007ffc58b30000 is an unknown value
R9 =0x000000000000000f is an unknown value
R10=0x00007ffc66831510 ntdll.dll
R11=0x0000000000000011 is an unknown value
R12=0x0 is NULL
R13=0x00007ffc668238f0 ntdll.dll
R14=0x000000dc9ebfe710 is pointing into the stack for thread: 0x000002a0da3802e0
R15=0x000000dc9ebfe688 is pointing into the stack for thread: 0x000002a0da3802e0


Registers:
RAX=0x000000000000305d, RBX=0x000000000000fe5c, RCX=0x000000000000c180, RDX=0x0000000000001020
RSP=0x000000dc9ebfe0e0, RBP=0x000000dc9ebfe670, RSI=0x0000000000000000, RDI=0x00007ffc58ced000
R8 =0x00007ffc58b30000, R9 =0x000000000000000f, R10=0x00007ffc66831510, R11=0x0000000000000011
R12=0x0000000000000000, R13=0x00007ffc668238f0, R14=0x000000dc9ebfe710, R15=0x000000dc9ebfe688
RIP=0x00007ffc666e2c62, EFLAGS=0x0000000000010206

Top of Stack: (sp=0x000000dc9ebfe0e0)
0x000000dc9ebfe0e0:   0000000000000000 000000dc00000000
0x000000dc9ebfe0f0:   000000dc9ebfe100 000000dc9ebfe108
0x000000dc9ebfe100:   00007ffc58ced000 00007ffc58b30000
0x000000dc9ebfe110:   0000c180001cf000 0000000000000000
0x000000dc9ebfe120:   00007ffc58b3fe5c 00007ffc667013bc
0x000000dc9ebfe130:   000000dc9ebfed30 0000000000000000
0x000000dc9ebfe140:   0000000000000000 000000dc9ebfe170
0x000000dc9ebfe150:   000000dc9ebfe170 000000dc9ebfe690
0x000000dc9ebfe160:   000000dc9ebfe680 0000000000000000
0x000000dc9ebfe170:   0000000000000000 000002a0da3802e0
0x000000dc9ebfe180:   00000000d97fa318 00007ffc19d4fc40
0x000000dc9ebfe190:   000000dc9ebfe200 00007ffcdac4ef60
0x000000dc9ebfe1a0:   00001fa20010000f 000000072e720033
0x000000dc9ebfe1b0:   00010213002beb00 000002a0daa85c00
0x000000dc9ebfe1c0:   0000000000000100 0000012100000001
0x000000dc9ebfe1d0:   0000000000000077 000002a0d91fe848 

Instructions: (pc=0x00007ffc666e2c62)
0x00007ffc666e2b62:   41 83 f8 e7 73 09 48 83 c1 18 48 3b cb 72 c3 b8
0x00007ffc666e2b72:   7b 00 00 c0 89 44 24 20 4c 8b 54 24 28 eb 15 b8
0x00007ffc666e2b82:   7b 00 00 c0 eb cc b8 7b 00 00 c0 89 44 24 20 4c
0x00007ffc666e2b92:   8b 54 24 28 eb 13 b8 7b 00 00 c0 89 44 24 20 4c
0x00007ffc666e2ba2:   8b 4c 24 68 4c 8b 54 24 28 85 c0 78 03 4d 89 11
0x00007ffc666e2bb2:   48 83 c4 40 5b c3 cc b1 01 48 83 fb 40 0f 83 5b
0x00007ffc666e2bc2:   ff ff ff b8 7b 00 00 c0 eb e6 cc cc cc cc cc cc
0x00007ffc666e2bd2:   cc cc cc cc cc cc cc cc cc cc cc cc cc cc 48 89
0x00007ffc666e2be2:   5c 24 18 4c 89 74 24 20 41 57 48 83 ec 40 4d 8b
0x00007ffc666e2bf2:   f0 4c 8b fa 48 8b d9 4d 85 c0 0f 85 3c 01 00 00
0x00007ffc666e2c02:   48 8b 0d 0f e9 14 00 48 89 74 24 50 48 89 7c 24
0x00007ffc666e2c12:   58 48 3b d9 0f 83 ec 00 00 00 48 8d 54 24 20 48
0x00007ffc666e2c22:   8b cb e8 17 03 00 00 48 8b f8 48 85 ff 0f 84 da
0x00007ffc666e2c32:   02 00 00 8b 4c 24 34 48 b8 ab aa aa aa aa aa aa
0x00007ffc666e2c42:   aa 4c 8b 44 24 28 33 f6 48 f7 e1 4d 89 07 48 c1
0x00007ffc666e2c52:   ea 03 85 d2 74 73 8d 42 ff 49 2b d8 48 8d 04 40
0x00007ffc666e2c62:   44 8b 1c 87 4c 8d 14 87 49 3b db 73 48 44 8d 42
0x00007ffc666e2c72:   fe 44 8b ce 45 85 c0 78 3c 0f 1f 44 00 00 43 8d
0x00007ffc666e2c82:   04 08 d1 f8 48 63 c8 48 8d 14 49 4c 8d 14 97 8b
0x00007ffc666e2c92:   14 97 48 3b da 72 12 41 8b 4a 0c 44 8b da 48 3b
0x00007ffc666e2ca2:   d9 72 12 44 8d 48 01 eb 04 44 8d 40 ff 44 8b da
0x00007ffc666e2cb2:   45 3b c1 7d c9 41 8b c3 48 3b d8 72 0c 41 8b 42
0x00007ffc666e2cc2:   04 48 3b d8 73 03 49 8b f2 48 8b 7c 24 58 48 85
0x00007ffc666e2cd2:   f6 74 19 4d 85 f6 0f 85 ea 00 00 00 48 85 f6 74
0x00007ffc666e2ce2:   0b 8b 46 08 a8 01 0f 85 34 02 00 00 48 8b c6 48
0x00007ffc666e2cf2:   8b 74 24 50 48 8b 5c 24 60 4c 8b 74 24 68 48 83
0x00007ffc666e2d02:   c4 40 41 5f c3 cc 8b 05 12 e8 14 00 48 03 c1 48
0x00007ffc666e2d12:   3b d8 0f 83 02 ff ff ff 0f 28 0d ef e7 14 00 f2
0x00007ffc666e2d22:   0f 10 05 f7 e7 14 00 66 48 0f 7e cf 0f 11 4c 24
0x00007ffc666e2d32:   20 f2 0f 11 44 24 30 e9 ee fe ff ff 41 80 78 07
0x00007ffc666e2d42:   00 4c 8d 1d d6 e6 14 00 0f 85 6b 01 00 00 41 80
0x00007ffc666e2d52:   78 06 00 0f 84 a7 fe ff ff 48 3b 1d c6 e6 14 00 


Stack slot to memory mapping:
stack at sp + 0 slots: 0x0 is NULL
stack at sp + 1 slots: 0x000000dc00000000 is an unknown value
stack at sp + 2 slots: 0x000000dc9ebfe100 is pointing into the stack for thread: 0x000002a0da3802e0
stack at sp + 3 slots: 0x000000dc9ebfe108 is pointing into the stack for thread: 0x000002a0da3802e0
stack at sp + 4 slots: 0x00007ffc58ced000 is an unknown value
stack at sp + 5 slots: 0x00007ffc58b30000 is an unknown value
stack at sp + 6 slots: 0x0000c180001cf000 is an unknown value
stack at sp + 7 slots: 0x0 is NULL


---------------  P R O C E S S  ---------------

Threads class SMR info:
_java_thread_list=0x000002a0da2d1c70, length=17, elements={
0x000002a0d8fae590, 0x000002a0d8faf590, 0x000002a0d9855010, 0x000002a0d98578e0,
0x000002a0d98611c0, 0x000002a0d9864f80, 0x000002a0d98658f0, 0x000002a0d98662a0,
0x000002a0d9871380, 0x000002a0d9972a70, 0x000002a0d9ad6800, 0x000002a0d9e04840,
0x000002a0d9df1af0, 0x000002a0da0924a0, 0x000002a0da3802e0, 0x000002a0da1cd5d0,
0x000002a0da1caa80
}

Java Threads: ( => current thread )
  0x000002a0d8fae590 JavaThread "Reference Handler" daemon [_thread_blocked, id=18708, stack(0x000000dc9cc00000,0x000000dc9cd00000)]
  0x000002a0d8faf590 JavaThread "Finalizer" daemon [_thread_blocked, id=13896, stack(0x000000dc9cd00000,0x000000dc9ce00000)]
  0x000002a0d9855010 JavaThread "Signal Dispatcher" daemon [_thread_blocked, id=18832, stack(0x000000dc9ce00000,0x000000dc9cf00000)]
  0x000002a0d98578e0 JavaThread "Attach Listener" daemon [_thread_blocked, id=16720, stack(0x000000dc9cf00000,0x000000dc9d000000)]
  0x000002a0d98611c0 JavaThread "Service Thread" daemon [_thread_blocked, id=1516, stack(0x000000dc9d000000,0x000000dc9d100000)]
  0x000002a0d9864f80 JavaThread "Monitor Deflation Thread" daemon [_thread_blocked, id=17432, stack(0x000000dc9d100000,0x000000dc9d200000)]
  0x000002a0d98658f0 JavaThread "C2 CompilerThread0" daemon [_thread_blocked, id=17628, stack(0x000000dc9d200000,0x000000dc9d300000)]
  0x000002a0d98662a0 JavaThread "C1 CompilerThread0" daemon [_thread_blocked, id=7392, stack(0x000000dc9d300000,0x000000dc9d400000)]
  0x000002a0d9871380 JavaThread "Sweeper thread" daemon [_thread_blocked, id=20276, stack(0x000000dc9d400000,0x000000dc9d500000)]
  0x000002a0d9972a70 JavaThread "Common-Cleaner" daemon [_thread_blocked, id=3368, stack(0x000000dc9d500000,0x000000dc9d600000)]
  0x000002a0d9ad6800 JavaThread "Notification Thread" daemon [_thread_blocked, id=19996, stack(0x000000dc9d600000,0x000000dc9d700000)]
  0x000002a0d9e04840 JavaThread "Java2D Disposer" daemon [_thread_blocked, id=7316, stack(0x000000dc9d800000,0x000000dc9d900000)]
  0x000002a0d9df1af0 JavaThread "AWT-Shutdown" [_thread_blocked, id=15140, stack(0x000000dc9d900000,0x000000dc9da00000)]
  0x000002a0da0924a0 JavaThread "AWT-EventQueue-0" [_thread_blocked, id=11204, stack(0x000000dc9e300000,0x000000dc9e400000)]
=>0x000002a0da3802e0 JavaThread "Thread-0" [_thread_in_native, id=18320, stack(0x000000dc9eb00000,0x000000dc9ec00000)]
  0x000002a0da1cd5d0 JavaThread "DestroyJavaVM" [_thread_blocked, id=21756, stack(0x000000dc9c500000,0x000000dc9c600000)]
  0x000002a0da1caa80 JavaThread "ToolkitShutdown" daemon [_thread_in_native, id=1796, stack(0x000000dc9ef00000,0x000000dc9f000000)]

Other Threads:
  0x000002a0d8fc9d20 VMThread "VM Thread" [stack: 0x000000dc9cb00000,0x000000dc9cc00000] [id=11628]
  0x000002a0b974ff80 WatcherThread [stack: 0x000000dc9d700000,0x000000dc9d800000] [id=17240]
  0x000002a0b972f2a0 GCTaskThread "GC Thread#0" [stack: 0x000000dc9c600000,0x000000dc9c700000] [id=18420]
  0x000002a0da1ddbb0 GCTaskThread "GC Thread#1" [stack: 0x000000dc9e500000,0x000000dc9e600000] [id=18560]
  0x000002a0da1dde60 GCTaskThread "GC Thread#2" [stack: 0x000000dc9e600000,0x000000dc9e700000] [id=18048]
  0x000002a0da1de110 GCTaskThread "GC Thread#3" [stack: 0x000000dc9e700000,0x000000dc9e800000] [id=9584]
  0x000002a0da1de3c0 GCTaskThread "GC Thread#4" [stack: 0x000000dc9e800000,0x000000dc9e900000] [id=18016]
  0x000002a0da1de670 GCTaskThread "GC Thread#5" [stack: 0x000000dc9e900000,0x000000dc9ea00000] [id=7764]
  0x000002a0da25c390 GCTaskThread "GC Thread#6" [stack: 0x000000dc9ea00000,0x000000dc9eb00000] [id=17472]
  0x000002a0da2c9e40 GCTaskThread "GC Thread#7" [stack: 0x000000dc9ee00000,0x000000dc9ef00000] [id=19468]
  0x000002a0b973f8d0 ConcurrentGCThread "G1 Main Marker" [stack: 0x000000dc9c700000,0x000000dc9c800000] [id=15440]
  0x000002a0b97402e0 ConcurrentGCThread "G1 Conc#0" [stack: 0x000000dc9c800000,0x000000dc9c900000] [id=19968]
  0x000002a0d8e334d0 ConcurrentGCThread "G1 Refine#0" [stack: 0x000000dc9c900000,0x000000dc9ca00000] [id=18356]
  0x000002a0b9798b90 ConcurrentGCThread "G1 Service" [stack: 0x000000dc9ca00000,0x000000dc9cb00000] [id=11464]

Threads with active compile tasks:

VM state: not at safepoint (normal execution)

VM Mutex/Monitor currently owned by a thread: None

Heap address: 0x0000000720c00000, size: 3572 MB, Compressed Oops mode: Zero based, Oop shift amount: 3

CDS archive(s) not mapped
Compressed class space mapped at: 0x0000000800000000-0x0000000840000000, reserved size: 1073741824
Narrow klass base: 0x0000000800000000, Narrow klass shift: 0, Narrow klass range: 0x40000000

GC Precious Log:
 CPUs: 8 total, 8 available
 Memory: 14284M
 Large Page Support: Disabled
 NUMA Support: Disabled
 Compressed Oops: Enabled (Zero based)
 Heap Region Size: 2M
 Heap Min Capacity: 8M
 Heap Initial Capacity: 224M
 Heap Max Capacity: 3572M
 Pre-touch: Disabled
 Parallel Workers: 8
 Concurrent Workers: 2
 Concurrent Refinement Workers: 8
 Periodic GC: Disabled

Heap:
 garbage-first heap   total 229376K, used 81816K [0x0000000720c00000, 0x0000000800000000)
  region size 2048K, 6 young (12288K), 1 survivors (2048K)
 Metaspace       used 14465K, committed 14656K, reserved 1064960K
  class space    used 1374K, committed 1472K, reserved 1048576K

Heap Regions: E=young(eden), S=young(survivor), O=old, HS=humongous(starts), HC=humongous(continues), CS=collection set, F=free, OA=open archive, CA=closed archive, TAMS=top-at-mark-start (previous, next)
|   0|0x0000000720c00000, 0x0000000720e00000, 0x0000000720e00000|100%|HS|  |TAMS 0x0000000720c00000, 0x0000000720c00000| Complete 
|   1|0x0000000720e00000, 0x0000000721000000, 0x0000000721000000|100%|HC|  |TAMS 0x0000000720e00000, 0x0000000720e00000| Complete 
|   2|0x0000000721000000, 0x0000000721200000, 0x0000000721200000|100%|HS|  |TAMS 0x0000000721000000, 0x0000000721000000| Complete 
|   3|0x0000000721200000, 0x0000000721400000, 0x0000000721400000|100%|HS|  |TAMS 0x0000000721200000, 0x0000000721200000| Complete 
|   4|0x0000000721400000, 0x0000000721600000, 0x0000000721600000|100%|HS|  |TAMS 0x0000000721400000, 0x0000000721400000| Complete 
|   5|0x0000000721600000, 0x0000000721800000, 0x0000000721800000|100%|HS|  |TAMS 0x0000000721600000, 0x0000000721600000| Complete 
|   6|0x0000000721800000, 0x0000000721a00000, 0x0000000721a00000|100%|HS|  |TAMS 0x0000000721800000, 0x0000000721800000| Complete 
|   7|0x0000000721a00000, 0x0000000721c00000, 0x0000000721c00000|100%|HS|  |TAMS 0x0000000721a00000, 0x0000000721a00000| Complete 
|   8|0x0000000721c00000, 0x0000000721e00000, 0x0000000721e00000|100%|HS|  |TAMS 0x0000000721c00000, 0x0000000721c00000| Complete 
|   9|0x0000000721e00000, 0x0000000722000000, 0x0000000722000000|100%|HS|  |TAMS 0x0000000721e00000, 0x0000000721e00000| Complete 
|  10|0x0000000722000000, 0x0000000722200000, 0x0000000722200000|100%|HS|  |TAMS 0x0000000722000000, 0x0000000722000000| Complete 
|  11|0x0000000722200000, 0x0000000722400000, 0x0000000722400000|100%|HS|  |TAMS 0x0000000722200000, 0x0000000722200000| Complete 
|  12|0x0000000722400000, 0x0000000722600000, 0x0000000722600000|100%|HS|  |TAMS 0x0000000722400000, 0x0000000722400000| Complete 
|  13|0x0000000722600000, 0x0000000722800000, 0x0000000722800000|100%|HS|  |TAMS 0x0000000722600000, 0x0000000722600000| Complete 
|  14|0x0000000722800000, 0x0000000722a00000, 0x0000000722a00000|100%|HS|  |TAMS 0x0000000722800000, 0x0000000722800000| Complete 
|  15|0x0000000722a00000, 0x0000000722c00000, 0x0000000722c00000|100%|HS|  |TAMS 0x0000000722a00000, 0x0000000722a00000| Complete 
|  16|0x0000000722c00000, 0x0000000722e00000, 0x0000000722e00000|100%|HS|  |TAMS 0x0000000722c00000, 0x0000000722c00000| Complete 
|  17|0x0000000722e00000, 0x0000000723000000, 0x0000000723000000|100%|HS|  |TAMS 0x0000000722e00000, 0x0000000722e00000| Complete 
|  18|0x0000000723000000, 0x0000000723200000, 0x0000000723200000|100%|HS|  |TAMS 0x0000000723000000, 0x0000000723000000| Complete 
|  19|0x0000000723200000, 0x0000000723400000, 0x0000000723400000|100%|HS|  |TAMS 0x0000000723200000, 0x0000000723200000| Complete 
|  20|0x0000000723400000, 0x0000000723600000, 0x0000000723600000|100%|HS|  |TAMS 0x0000000723400000, 0x0000000723400000| Complete 
|  21|0x0000000723600000, 0x0000000723800000, 0x0000000723800000|100%|HS|  |TAMS 0x0000000723600000, 0x0000000723600000| Complete 
|  22|0x0000000723800000, 0x0000000723a00000, 0x0000000723a00000|100%|HS|  |TAMS 0x0000000723800000, 0x0000000723800000| Complete 
|  23|0x0000000723a00000, 0x0000000723c00000, 0x0000000723c00000|100%|HS|  |TAMS 0x0000000723a00000, 0x0000000723a00000| Complete 
|  24|0x0000000723c00000, 0x0000000723e00000, 0x0000000723e00000|100%|HS|  |TAMS 0x0000000723c00000, 0x0000000723c00000| Complete 
|  25|0x0000000723e00000, 0x0000000724000000, 0x0000000724000000|100%|HS|  |TAMS 0x0000000723e00000, 0x0000000723e00000| Complete 
|  26|0x0000000724000000, 0x0000000724200000, 0x0000000724200000|100%|HS|  |TAMS 0x0000000724000000, 0x0000000724000000| Complete 
|  27|0x0000000724200000, 0x0000000724400000, 0x0000000724400000|100%|HS|  |TAMS 0x0000000724200000, 0x0000000724200000| Complete 
|  28|0x0000000724400000, 0x0000000724600000, 0x0000000724600000|100%|HS|  |TAMS 0x0000000724400000, 0x0000000724400000| Complete 
|  29|0x0000000724600000, 0x0000000724800000, 0x0000000724800000|100%|HS|  |TAMS 0x0000000724600000, 0x0000000724600000| Complete 
|  30|0x0000000724800000, 0x0000000724a00000, 0x0000000724a00000|100%|HS|  |TAMS 0x0000000724800000, 0x0000000724800000| Complete 
|  31|0x0000000724a00000, 0x0000000724c00000, 0x0000000724c00000|100%|HS|  |TAMS 0x0000000724a00000, 0x0000000724a00000| Complete 
|  32|0x0000000724c00000, 0x0000000724e00000, 0x0000000724e00000|100%|HS|  |TAMS 0x0000000724c00000, 0x0000000724c00000| Complete 
|  33|0x0000000724e00000, 0x0000000725000000, 0x0000000725000000|100%|HS|  |TAMS 0x0000000724e00000, 0x0000000724e00000| Complete 
|  34|0x0000000725000000, 0x0000000725200000, 0x0000000725200000|100%|HS|  |TAMS 0x0000000725000000, 0x0000000725000000| Complete 
|  35|0x0000000725200000, 0x0000000725200000, 0x0000000725400000|  0%| F|  |TAMS 0x0000000725200000, 0x0000000725200000| Untracked 
|  36|0x0000000725400000, 0x0000000725400000, 0x0000000725600000|  0%| F|  |TAMS 0x0000000725400000, 0x0000000725400000| Untracked 
|  37|0x0000000725600000, 0x0000000725600000, 0x0000000725800000|  0%| F|  |TAMS 0x0000000725600000, 0x0000000725600000| Untracked 
|  38|0x0000000725800000, 0x0000000725800000, 0x0000000725a00000|  0%| F|  |TAMS 0x0000000725800000, 0x0000000725800000| Untracked 
|  39|0x0000000725a00000, 0x0000000725a00000, 0x0000000725c00000|  0%| F|  |TAMS 0x0000000725a00000, 0x0000000725a00000| Untracked 
|  40|0x0000000725c00000, 0x0000000725c00000, 0x0000000725e00000|  0%| F|  |TAMS 0x0000000725c00000, 0x0000000725c00000| Untracked 
|  41|0x0000000725e00000, 0x0000000725e00000, 0x0000000726000000|  0%| F|  |TAMS 0x0000000725e00000, 0x0000000725e00000| Untracked 
|  42|0x0000000726000000, 0x0000000726000000, 0x0000000726200000|  0%| F|  |TAMS 0x0000000726000000, 0x0000000726000000| Untracked 
|  43|0x0000000726200000, 0x0000000726200000, 0x0000000726400000|  0%| F|  |TAMS 0x0000000726200000, 0x0000000726200000| Untracked 
|  44|0x0000000726400000, 0x0000000726400000, 0x0000000726600000|  0%| F|  |TAMS 0x0000000726400000, 0x0000000726400000| Untracked 
|  45|0x0000000726600000, 0x0000000726600000, 0x0000000726800000|  0%| F|  |TAMS 0x0000000726600000, 0x0000000726600000| Untracked 
|  46|0x0000000726800000, 0x0000000726800000, 0x0000000726a00000|  0%| F|  |TAMS 0x0000000726800000, 0x0000000726800000| Untracked 
|  47|0x0000000726a00000, 0x0000000726a00000, 0x0000000726c00000|  0%| F|  |TAMS 0x0000000726a00000, 0x0000000726a00000| Untracked 
|  48|0x0000000726c00000, 0x0000000726c00000, 0x0000000726e00000|  0%| F|  |TAMS 0x0000000726c00000, 0x0000000726c00000| Untracked 
|  49|0x0000000726e00000, 0x0000000726e00000, 0x0000000727000000|  0%| F|  |TAMS 0x0000000726e00000, 0x0000000726e00000| Untracked 
|  50|0x0000000727000000, 0x0000000727000000, 0x0000000727200000|  0%| F|  |TAMS 0x0000000727000000, 0x0000000727000000| Untracked 
|  51|0x0000000727200000, 0x0000000727200000, 0x0000000727400000|  0%| F|  |TAMS 0x0000000727200000, 0x0000000727200000| Untracked 
|  52|0x0000000727400000, 0x0000000727400000, 0x0000000727600000|  0%| F|  |TAMS 0x0000000727400000, 0x0000000727400000| Untracked 
|  53|0x0000000727600000, 0x0000000727600000, 0x0000000727800000|  0%| F|  |TAMS 0x0000000727600000, 0x0000000727600000| Untracked 
|  54|0x0000000727800000, 0x0000000727800000, 0x0000000727a00000|  0%| F|  |TAMS 0x0000000727800000, 0x0000000727800000| Untracked 
|  55|0x0000000727a00000, 0x0000000727a00000, 0x0000000727c00000|  0%| F|  |TAMS 0x0000000727a00000, 0x0000000727a00000| Untracked 
|  56|0x0000000727c00000, 0x0000000727c00000, 0x0000000727e00000|  0%| F|  |TAMS 0x0000000727c00000, 0x0000000727c00000| Untracked 
|  57|0x0000000727e00000, 0x0000000727e00000, 0x0000000728000000|  0%| F|  |TAMS 0x0000000727e00000, 0x0000000727e00000| Untracked 
|  58|0x0000000728000000, 0x0000000728000000, 0x0000000728200000|  0%| F|  |TAMS 0x0000000728000000, 0x0000000728000000| Untracked 
|  59|0x0000000728200000, 0x0000000728200000, 0x0000000728400000|  0%| F|  |TAMS 0x0000000728200000, 0x0000000728200000| Untracked 
|  60|0x0000000728400000, 0x0000000728400000, 0x0000000728600000|  0%| F|  |TAMS 0x0000000728400000, 0x0000000728400000| Untracked 
|  61|0x0000000728600000, 0x0000000728600000, 0x0000000728800000|  0%| F|  |TAMS 0x0000000728600000, 0x0000000728600000| Untracked 
|  62|0x0000000728800000, 0x0000000728800000, 0x0000000728a00000|  0%| F|  |TAMS 0x0000000728800000, 0x0000000728800000| Untracked 
|  63|0x0000000728a00000, 0x0000000728a00000, 0x0000000728c00000|  0%| F|  |TAMS 0x0000000728a00000, 0x0000000728a00000| Untracked 
|  64|0x0000000728c00000, 0x0000000728c00000, 0x0000000728e00000|  0%| F|  |TAMS 0x0000000728c00000, 0x0000000728c00000| Untracked 
|  65|0x0000000728e00000, 0x0000000728e00000, 0x0000000729000000|  0%| F|  |TAMS 0x0000000728e00000, 0x0000000728e00000| Untracked 
|  66|0x0000000729000000, 0x0000000729000000, 0x0000000729200000|  0%| F|  |TAMS 0x0000000729000000, 0x0000000729000000| Untracked 
|  67|0x0000000729200000, 0x0000000729200000, 0x0000000729400000|  0%| F|  |TAMS 0x0000000729200000, 0x0000000729200000| Untracked 
|  68|0x0000000729400000, 0x0000000729400000, 0x0000000729600000|  0%| F|  |TAMS 0x0000000729400000, 0x0000000729400000| Untracked 
|  69|0x0000000729600000, 0x0000000729600000, 0x0000000729800000|  0%| F|  |TAMS 0x0000000729600000, 0x0000000729600000| Untracked 
|  70|0x0000000729800000, 0x0000000729800000, 0x0000000729a00000|  0%| F|  |TAMS 0x0000000729800000, 0x0000000729800000| Untracked 
|  71|0x0000000729a00000, 0x0000000729a00000, 0x0000000729c00000|  0%| F|  |TAMS 0x0000000729a00000, 0x0000000729a00000| Untracked 
|  72|0x0000000729c00000, 0x0000000729c00000, 0x0000000729e00000|  0%| F|  |TAMS 0x0000000729c00000, 0x0000000729c00000| Untracked 
|  73|0x0000000729e00000, 0x0000000729e00000, 0x000000072a000000|  0%| F|  |TAMS 0x0000000729e00000, 0x0000000729e00000| Untracked 
|  74|0x000000072a000000, 0x000000072a000000, 0x000000072a200000|  0%| F|  |TAMS 0x000000072a000000, 0x000000072a000000| Untracked 
|  75|0x000000072a200000, 0x000000072a200000, 0x000000072a400000|  0%| F|  |TAMS 0x000000072a200000, 0x000000072a200000| Untracked 
|  76|0x000000072a400000, 0x000000072a400000, 0x000000072a600000|  0%| F|  |TAMS 0x000000072a400000, 0x000000072a400000| Untracked 
|  77|0x000000072a600000, 0x000000072a600000, 0x000000072a800000|  0%| F|  |TAMS 0x000000072a600000, 0x000000072a600000| Untracked 
|  78|0x000000072a800000, 0x000000072a800000, 0x000000072aa00000|  0%| F|  |TAMS 0x000000072a800000, 0x000000072a800000| Untracked 
|  79|0x000000072aa00000, 0x000000072aa00000, 0x000000072ac00000|  0%| F|  |TAMS 0x000000072aa00000, 0x000000072aa00000| Untracked 
|  80|0x000000072ac00000, 0x000000072ac00000, 0x000000072ae00000|  0%| F|  |TAMS 0x000000072ac00000, 0x000000072ac00000| Untracked 
|  81|0x000000072ae00000, 0x000000072ae00000, 0x000000072b000000|  0%| F|  |TAMS 0x000000072ae00000, 0x000000072ae00000| Untracked 
|  82|0x000000072b000000, 0x000000072b000000, 0x000000072b200000|  0%| F|  |TAMS 0x000000072b000000, 0x000000072b000000| Untracked 
|  83|0x000000072b200000, 0x000000072b200000, 0x000000072b400000|  0%| F|  |TAMS 0x000000072b200000, 0x000000072b200000| Untracked 
|  84|0x000000072b400000, 0x000000072b400000, 0x000000072b600000|  0%| F|  |TAMS 0x000000072b400000, 0x000000072b400000| Untracked 
|  85|0x000000072b600000, 0x000000072b600000, 0x000000072b800000|  0%| F|  |TAMS 0x000000072b600000, 0x000000072b600000| Untracked 
|  86|0x000000072b800000, 0x000000072b800000, 0x000000072ba00000|  0%| F|  |TAMS 0x000000072b800000, 0x000000072b800000| Untracked 
|  87|0x000000072ba00000, 0x000000072ba00000, 0x000000072bc00000|  0%| F|  |TAMS 0x000000072ba00000, 0x000000072ba00000| Untracked 
|  88|0x000000072bc00000, 0x000000072bc00000, 0x000000072be00000|  0%| F|  |TAMS 0x000000072bc00000, 0x000000072bc00000| Untracked 
|  89|0x000000072be00000, 0x000000072be00000, 0x000000072c000000|  0%| F|  |TAMS 0x000000072be00000, 0x000000072be00000| Untracked 
|  90|0x000000072c000000, 0x000000072c000000, 0x000000072c200000|  0%| F|  |TAMS 0x000000072c000000, 0x000000072c000000| Untracked 
|  91|0x000000072c200000, 0x000000072c3e6158, 0x000000072c400000| 94%| S|CS|TAMS 0x000000072c200000, 0x000000072c200000| Complete 
|  92|0x000000072c400000, 0x000000072c400000, 0x000000072c600000|  0%| F|  |TAMS 0x000000072c400000, 0x000000072c400000| Untracked 
|  93|0x000000072c600000, 0x000000072c600000, 0x000000072c800000|  0%| F|  |TAMS 0x000000072c600000, 0x000000072c600000| Untracked 
|  94|0x000000072c800000, 0x000000072c800000, 0x000000072ca00000|  0%| F|  |TAMS 0x000000072c800000, 0x000000072c800000| Untracked 
|  95|0x000000072ca00000, 0x000000072ca00000, 0x000000072cc00000|  0%| F|  |TAMS 0x000000072ca00000, 0x000000072ca00000| Untracked 
|  96|0x000000072cc00000, 0x000000072cc00000, 0x000000072ce00000|  0%| F|  |TAMS 0x000000072cc00000, 0x000000072cc00000| Untracked 
|  97|0x000000072ce00000, 0x000000072ce00000, 0x000000072d000000|  0%| F|  |TAMS 0x000000072ce00000, 0x000000072ce00000| Untracked 
|  98|0x000000072d000000, 0x000000072d000000, 0x000000072d200000|  0%| F|  |TAMS 0x000000072d000000, 0x000000072d000000| Untracked 
|  99|0x000000072d200000, 0x000000072d200000, 0x000000072d400000|  0%| F|  |TAMS 0x000000072d200000, 0x000000072d200000| Untracked 
| 100|0x000000072d400000, 0x000000072d400000, 0x000000072d600000|  0%| F|  |TAMS 0x000000072d400000, 0x000000072d400000| Untracked 
| 101|0x000000072d600000, 0x000000072d600000, 0x000000072d800000|  0%| F|  |TAMS 0x000000072d600000, 0x000000072d600000| Untracked 
| 102|0x000000072d800000, 0x000000072d800000, 0x000000072da00000|  0%| F|  |TAMS 0x000000072d800000, 0x000000072d800000| Untracked 
| 103|0x000000072da00000, 0x000000072da00000, 0x000000072dc00000|  0%| F|  |TAMS 0x000000072da00000, 0x000000072da00000| Untracked 
| 104|0x000000072dc00000, 0x000000072dc00000, 0x000000072de00000|  0%| F|  |TAMS 0x000000072dc00000, 0x000000072dc00000| Untracked 
| 105|0x000000072de00000, 0x000000072de00000, 0x000000072e000000|  0%| F|  |TAMS 0x000000072de00000, 0x000000072de00000| Untracked 
| 106|0x000000072e000000, 0x000000072e000000, 0x000000072e200000|  0%| F|  |TAMS 0x000000072e000000, 0x000000072e000000| Untracked 
| 107|0x000000072e200000, 0x000000072e3fcaa8, 0x000000072e400000| 99%| E|  |TAMS 0x000000072e200000, 0x000000072e200000| Complete 
| 108|0x000000072e400000, 0x000000072e600000, 0x000000072e600000|100%| E|CS|TAMS 0x000000072e400000, 0x000000072e400000| Complete 
| 109|0x000000072e600000, 0x000000072e800000, 0x000000072e800000|100%| E|CS|TAMS 0x000000072e600000, 0x000000072e600000| Complete 
| 110|0x000000072e800000, 0x000000072ea00000, 0x000000072ea00000|100%| E|CS|TAMS 0x000000072e800000, 0x000000072e800000| Complete 
| 111|0x000000072ea00000, 0x000000072ec00000, 0x000000072ec00000|100%| E|CS|TAMS 0x000000072ea00000, 0x000000072ea00000| Complete 

Card table byte_map: [0x000002a0ce730000,0x000002a0cee30000] _byte_map_base: 0x000002a0cae2a000

Marking Bits (Prev, Next): (CMBitMap*) 0x000002a0b97308c0, (CMBitMap*) 0x000002a0b9730900
 Prev Bits: [0x000002a0cf530000, 0x000002a0d2d00000)
 Next Bits: [0x000002a0d2d00000, 0x000002a0d64d0000)

Polling page: 0x000002a0b97b0000

Metaspace:

Usage:
  Non-class:     12.78 MB used.
      Class:      1.34 MB used.
       Both:     14.13 MB used.

Virtual space:
  Non-class space:       16.00 MB reserved,      12.88 MB ( 80%) committed,  2 nodes.
      Class space:        1.00 GB reserved,       1.44 MB ( <1%) committed,  1 nodes.
             Both:        1.02 GB reserved,      14.31 MB (  1%) committed. 

Chunk freelists:
   Non-Class:  2.92 MB
       Class:  2.59 MB
        Both:  5.52 MB

MaxMetaspaceSize: unlimited
CompressedClassSpaceSize: 1.00 GB
Initial GC threshold: 21.00 MB
Current GC threshold: 21.00 MB
CDS: off
MetaspaceReclaimPolicy: balanced
 - commit_granule_bytes: 65536.
 - commit_granule_words: 8192.
 - virtual_space_node_default_size: 1048576.
 - enlarge_chunks_in_place: 1.
 - new_chunks_are_fully_committed: 0.
 - uncommit_free_chunks: 1.
 - use_allocation_guard: 0.
 - handle_deallocations: 1.


Internal statistics:

num_allocs_failed_limit: 0.
num_arena_births: 108.
num_arena_deaths: 0.
num_vsnodes_births: 3.
num_vsnodes_deaths: 0.
num_space_committed: 229.
num_space_uncommitted: 0.
num_chunks_returned_to_freelist: 0.
num_chunks_taken_from_freelist: 188.
num_chunk_merges: 0.
num_chunk_splits: 96.
num_chunks_enlarged: 35.
num_purges: 0.
num_inconsistent_stats: 0.

CodeHeap 'non-profiled nmethods': size=120000Kb used=570Kb max_used=570Kb free=119429Kb
 bounds [0x000002a0c6090000, 0x000002a0c6300000, 0x000002a0cd5c0000]
CodeHeap 'profiled nmethods': size=120000Kb used=2780Kb max_used=2780Kb free=117219Kb
 bounds [0x000002a0beb60000, 0x000002a0bee20000, 0x000002a0c6090000]
CodeHeap 'non-nmethods': size=5760Kb used=1265Kb max_used=1302Kb free=4494Kb
 bounds [0x000002a0be5c0000, 0x000002a0be830000, 0x000002a0beb60000]
 total_blobs=2180 nmethods=1591 adapters=502
 compilation: enabled
              stopped_count=0, restarted_count=0
 full_count=0

Compilation events (20 events):
Event: 7.869 Thread 0x000002a0d98658f0 1583       4       java.lang.String::getBytes (44 bytes)
Event: 7.870 Thread 0x000002a0d98658f0 nmethod 1583 0x000002a0c611b690 code [0x000002a0c611b800, 0x000002a0c611b938]
Event: 7.925 Thread 0x000002a0d98658f0 1584       4       java.lang.StringConcatHelper::mix (27 bytes)
Event: 7.926 Thread 0x000002a0d98658f0 nmethod 1584 0x000002a0c611ba90 code [0x000002a0c611bc00, 0x000002a0c611bcb8]
Event: 7.949 Thread 0x000002a0d98658f0 1585       4       java.lang.Object::equals (11 bytes)
Event: 7.949 Thread 0x000002a0d98658f0 nmethod 1585 0x000002a0c611be10 code [0x000002a0c611bf80, 0x000002a0c611c018]
Event: 8.059 Thread 0x000002a0d98658f0 1586       4       java.lang.StringConcatHelper::prepend (37 bytes)
Event: 8.061 Thread 0x000002a0d98658f0 nmethod 1586 0x000002a0c611c110 code [0x000002a0c611c2a0, 0x000002a0c611c418]
Event: 8.095 Thread 0x000002a0d98662a0 1587       1       com.checkmate.core.entity.EntityObject::enableDragAnimation (6 bytes)
Event: 8.095 Thread 0x000002a0d98662a0 nmethod 1587 0x000002a0c611c590 code [0x000002a0c611c720, 0x000002a0c611c7f8]
Event: 8.664 Thread 0x000002a0d98658f0 1588 %     4       com.checkmate.chess.Board::drawBoard @ 12 (330 bytes)
Event: 8.673 Thread 0x000002a0d98658f0 nmethod 1588% 0x000002a0c611c890 code [0x000002a0c611ca80, 0x000002a0c611d0b0]
Event: 8.673 Thread 0x000002a0d98658f0 1589 %     4       com.checkmate.chess.Board::drawSelection @ 5 (60 bytes)
Event: 8.677 Thread 0x000002a0d98658f0 nmethod 1589% 0x000002a0c611d610 code [0x000002a0c611d7c0, 0x000002a0c611da08]
Event: 8.986 Thread 0x000002a0d98658f0 1590       4       java.awt.Font::<init> (56 bytes)
Event: 8.988 Thread 0x000002a0d98658f0 nmethod 1590 0x000002a0c611dc90 code [0x000002a0c611de00, 0x000002a0c611dfb8]
Event: 9.137 Thread 0x000002a0d98658f0 1591       4       sun.java2d.SurfaceData::getSourceSurfaceData (110 bytes)
Event: 9.139 Thread 0x000002a0d98658f0 nmethod 1591 0x000002a0c611e090 code [0x000002a0c611e260, 0x000002a0c611e4e8]
Event: 9.155 Thread 0x000002a0d98658f0 1592       4       sun.awt.image.PixelConverter$Argb::rgbToPixel (2 bytes)
Event: 9.155 Thread 0x000002a0d98658f0 nmethod 1592 0x000002a0c611e810 code [0x000002a0c611e980, 0x000002a0c611e9f8]

GC Heap History (4 events):
Event: 0.868 GC heap before
{Heap before GC invocations=0 (full 0):
 garbage-first heap   total 229376K, used 57344K [0x0000000720c00000, 0x0000000800000000)
  region size 2048K, 11 young (22528K), 0 survivors (0K)
 Metaspace       used 13724K, committed 13952K, reserved 1064960K
  class space    used 1366K, committed 1472K, reserved 1048576K
}
Event: 0.871 GC heap after
{Heap after GC invocations=1 (full 0):
 garbage-first heap   total 229376K, used 36639K [0x0000000720c00000, 0x0000000800000000)
  region size 2048K, 1 young (2048K), 1 survivors (2048K)
 Metaspace       used 13724K, committed 13952K, reserved 1064960K
  class space    used 1366K, committed 1472K, reserved 1048576K
}
Event: 6.375 GC heap before
{Heap before GC invocations=1 (full 0):
 garbage-first heap   total 229376K, used 112415K [0x0000000720c00000, 0x0000000800000000)
  region size 2048K, 20 young (40960K), 1 survivors (2048K)
 Metaspace       used 14463K, committed 14656K, reserved 1064960K
  class space    used 1374K, committed 1472K, reserved 1048576K
}
Event: 6.376 GC heap after
{Heap after GC invocations=2 (full 0):
 garbage-first heap   total 229376K, used 73624K [0x0000000720c00000, 0x0000000800000000)
  region size 2048K, 1 young (2048K), 1 survivors (2048K)
 Metaspace       used 14463K, committed 14656K, reserved 1064960K
  class space    used 1374K, committed 1472K, reserved 1048576K
}

Deoptimization events (20 events):
Event: 1.067 Thread 0x000002a0da3802e0 Uncommon trap: trap_request=0xffffff45 fr.pc=0x000002a0c60d7b28 relative=0x00000000000001a8
Event: 1.067 Thread 0x000002a0da3802e0 Uncommon trap: reason=unstable_if action=reinterpret pc=0x000002a0c60d7b28 method=java.util.Arrays.fill([II)V @ 7 c2
Event: 1.067 Thread 0x000002a0da3802e0 DEOPT PACKING pc=0x000002a0c60d7b28 sp=0x000000dc9ebff580
Event: 1.067 Thread 0x000002a0da3802e0 DEOPT UNPACKING pc=0x000002a0be6123a3 sp=0x000000dc9ebff538 mode 2
Event: 1.885 Thread 0x000002a0da3802e0 Uncommon trap: trap_request=0xffffff45 fr.pc=0x000002a0c60e4510 relative=0x00000000000000d0
Event: 1.885 Thread 0x000002a0da3802e0 Uncommon trap: reason=unstable_if action=reinterpret pc=0x000002a0c60e4510 method=java.lang.StrictMath.floorOrCeil(DDDD)D @ 115 c2
Event: 1.885 Thread 0x000002a0da3802e0 DEOPT PACKING pc=0x000002a0c60e4510 sp=0x000000dc9ebff0a0
Event: 1.885 Thread 0x000002a0da3802e0 DEOPT UNPACKING pc=0x000002a0be6123a3 sp=0x000000dc9ebfef60 mode 2
Event: 1.885 Thread 0x000002a0da3802e0 Uncommon trap: trap_request=0xffffff45 fr.pc=0x000002a0c60dd6fc relative=0x00000000000000dc
Event: 1.885 Thread 0x000002a0da3802e0 Uncommon trap: reason=unstable_if action=reinterpret pc=0x000002a0c60dd6fc method=java.lang.StrictMath.floorOrCeil(DDDD)D @ 115 c2
Event: 1.885 Thread 0x000002a0da3802e0 DEOPT PACKING pc=0x000002a0c60dd6fc sp=0x000000dc9ebfefd0
Event: 1.885 Thread 0x000002a0da3802e0 DEOPT UNPACKING pc=0x000002a0be6123a3 sp=0x000000dc9ebfef48 mode 2
Event: 3.857 Thread 0x000002a0da3802e0 Uncommon trap: trap_request=0xffffff45 fr.pc=0x000002a0c60f48f0 relative=0x0000000000000130
Event: 3.857 Thread 0x000002a0da3802e0 Uncommon trap: reason=unstable_if action=reinterpret pc=0x000002a0c60f48f0 method=com.checkmate.chess.Cell.printInfo()V @ 37 c2
Event: 3.857 Thread 0x000002a0da3802e0 DEOPT PACKING pc=0x000002a0c60f48f0 sp=0x000000dc9ebff560
Event: 3.857 Thread 0x000002a0da3802e0 DEOPT UNPACKING pc=0x000002a0be6123a3 sp=0x000000dc9ebff4f8 mode 2
Event: 4.281 Thread 0x000002a0da0924a0 Uncommon trap: trap_request=0xffffff45 fr.pc=0x000002a0c60f9b4c relative=0x00000000000001ac
Event: 4.281 Thread 0x000002a0da0924a0 Uncommon trap: reason=unstable_if action=reinterpret pc=0x000002a0c60f9b4c method=java.util.concurrent.locks.AbstractQueuedSynchronizer.signalNext(Ljava/util/concurrent/locks/AbstractQueuedSynchronizer$Node;)V @ 17 c2
Event: 4.281 Thread 0x000002a0da0924a0 DEOPT PACKING pc=0x000002a0c60f9b4c sp=0x000000dc9e3fee80
Event: 4.281 Thread 0x000002a0da0924a0 DEOPT UNPACKING pc=0x000002a0be6123a3 sp=0x000000dc9e3fed78 mode 2

Classes unloaded (0 events):
No events

Classes redefined (0 events):
No events

Internal exceptions (19 events):
Event: 0.175 Thread 0x000002a0b96cd7c0 Exception <a 'java/lang/NoSuchMethodError'{0x000000072eb1f6d0}: 'void java.lang.invoke.DirectMethodHandle$Holder.invokeVirtual(java.lang.Object, java.lang.Object)'> (0x000000072eb1f6d0) 
thrown [s\src\hotspot\share\interpreter\linkResolver.cpp, line 759]
Event: 0.240 Thread 0x000002a0b96cd7c0 Exception <a 'sun/nio/fs/WindowsException'{0x000000072e85b4c0}> (0x000000072e85b4c0) 
thrown [s\src\hotspot\share\prims\jni.cpp, line 516]
Event: 0.246 Thread 0x000002a0b96cd7c0 Exception <a 'java/lang/ClassNotFoundException'{0x000000072e861778}: sun/awt/resources/spi/awtProvider> (0x000000072e861778) 
thrown [s\src\hotspot\share\classfile\systemDictionary.cpp, line 256]
Event: 0.275 Thread 0x000002a0b96cd7c0 Exception <a 'java/io/FileNotFoundException'{0x000000072e8b5d48}> (0x000000072e8b5d48) 
thrown [s\src\hotspot\share\prims\jni.cpp, line 516]
Event: 0.283 Thread 0x000002a0b96cd7c0 Exception <a 'java/io/FileNotFoundException'{0x000000072e8e37e8}> (0x000000072e8e37e8) 
thrown [s\src\hotspot\share\prims\jni.cpp, line 516]
Event: 0.334 Thread 0x000002a0b96cd7c0 Exception <a 'java/lang/NoSuchMethodError'{0x000000072e920c00}: 'java.lang.Object java.lang.invoke.DirectMethodHandle$Holder.invokeStaticInit(java.lang.Object)'> (0x000000072e920c00) 
thrown [s\src\hotspot\share\interpreter\linkResolver.cpp, line 759]
Event: 0.427 Thread 0x000002a0b96cd7c0 Exception <a 'java/lang/NoSuchMethodError'{0x000000072e9dc1c0}: 'void java.lang.invoke.DirectMethodHandle$Holder.invokeSpecial(java.lang.Object, java.lang.Object, java.lang.Object)'> (0x000000072e9dc1c0) 
thrown [s\src\hotspot\share\interpreter\linkResolver.cpp, line 759]
Event: 0.437 Thread 0x000002a0b96cd7c0 Exception <a 'java/lang/NoSuchMethodError'{0x000000072e606908}: 'java.lang.Object java.lang.invoke.DirectMethodHandle$Holder.newInvokeSpecial(java.lang.Object, java.lang.Object, java.lang.Object, java.lang.Object, java.lang.Object)'> (0x000000072e606908) 
thrown [s\src\hotspot\share\interpreter\linkResolver.cpp, line 759]
Event: 0.438 Thread 0x000002a0b96cd7c0 Exception <a 'java/lang/NoSuchMethodError'{0x000000072e6122d0}: 'java.lang.Object java.lang.invoke.DirectMethodHandle$Holder.invokeStatic(java.lang.Object, int, java.lang.Object, java.lang.Object, java.lang.Object, java.lang.Object)'> (0x000000072e6122d0) 
thrown [s\src\hotspot\share\interpreter\linkResolver.cpp, line 759]
Event: 0.444 Thread 0x000002a0b96cd7c0 Exception <a 'java/lang/NoSuchMethodError'{0x000000072e6379f0}: 'java.lang.Object java.lang.invoke.DirectMethodHandle$Holder.invokeStatic(java.lang.Object, int, java.lang.Object)'> (0x000000072e6379f0) 
thrown [s\src\hotspot\share\interpreter\linkResolver.cpp, line 759]
Event: 0.467 Thread 0x000002a0b96cd7c0 Exception <a 'java/lang/ClassNotFoundException'{0x000000072e6ef890}: com/sun/swing/internal/plaf/metal/resources/spi/metalProvider> (0x000000072e6ef890) 
thrown [s\src\hotspot\share\classfile\systemDictionary.cpp, line 256]
Event: 0.468 Thread 0x000002a0b96cd7c0 Exception <a 'java/lang/ClassNotFoundException'{0x000000072e6f36e8}: com/sun/swing/internal/plaf/basic/resources/spi/basicProvider> (0x000000072e6f36e8) 
thrown [s\src\hotspot\share\classfile\systemDictionary.cpp, line 256]
Event: 0.508 Thread 0x000002a0b96cd7c0 Exception <a 'java/lang/NoSuchMethodError'{0x000000072e72dd78}: 'void java.lang.invoke.DirectMethodHandle$Holder.invokeStaticInit(java.lang.Object)'> (0x000000072e72dd78) 
thrown [s\src\hotspot\share\interpreter\linkResolver.cpp, line 759]
Event: 0.546 Thread 0x000002a0b96cd7c0 Exception <a 'sun/nio/fs/WindowsException'{0x000000072e7fbb60}> (0x000000072e7fbb60) 
thrown [s\src\hotspot\share\prims\jni.cpp, line 516]
Event: 0.648 Thread 0x000002a0b96cd7c0 Exception <a 'sun/nio/fs/WindowsException'{0x000000072e446700}> (0x000000072e446700) 
thrown [s\src\hotspot\share\prims\jni.cpp, line 516]
Event: 0.649 Thread 0x000002a0b96cd7c0 Exception <a 'sun/nio/fs/WindowsException'{0x000000072e447650}> (0x000000072e447650) 
thrown [s\src\hotspot\share\prims\jni.cpp, line 516]
Event: 0.650 Thread 0x000002a0b96cd7c0 Exception <a 'sun/nio/fs/WindowsException'{0x000000072e4485a0}> (0x000000072e4485a0) 
thrown [s\src\hotspot\share\prims\jni.cpp, line 516]
Event: 0.650 Thread 0x000002a0b96cd7c0 Exception <a 'sun/nio/fs/WindowsException'{0x000000072e4494f8}> (0x000000072e4494f8) 
thrown [s\src\hotspot\share\prims\jni.cpp, line 516]
Event: 0.651 Thread 0x000002a0b96cd7c0 Exception <a 'sun/nio/fs/WindowsException'{0x000000072e44a450}> (0x000000072e44a450) 
thrown [s\src\hotspot\share\prims\jni.cpp, line 516]

VM Operations (20 events):
Event: 0.535 Executing VM operation: HandshakeAllThreads
Event: 0.535 Executing VM operation: HandshakeAllThreads done
Event: 0.868 Executing VM operation: G1CollectForAllocation
Event: 0.871 Executing VM operation: G1CollectForAllocation done
Event: 1.877 Executing VM operation: Cleanup
Event: 1.877 Executing VM operation: Cleanup done
Event: 2.878 Executing VM operation: Cleanup
Event: 2.878 Executing VM operation: Cleanup done
Event: 3.887 Executing VM operation: Cleanup
Event: 3.887 Executing VM operation: Cleanup done
Event: 4.897 Executing VM operation: Cleanup
Event: 4.897 Executing VM operation: Cleanup done
Event: 5.909 Executing VM operation: Cleanup
Event: 5.909 Executing VM operation: Cleanup done
Event: 6.375 Executing VM operation: G1CollectForAllocation
Event: 6.377 Executing VM operation: G1CollectForAllocation done
Event: 7.379 Executing VM operation: Cleanup
Event: 7.379 Executing VM operation: Cleanup done
Event: 8.379 Executing VM operation: Cleanup
Event: 8.380 Executing VM operation: Cleanup done

Events (20 events):
Event: 1.064 loading class jdk/internal/math/FloatingDecimal
Event: 1.064 loading class jdk/internal/math/FloatingDecimal done
Event: 1.064 loading class jdk/internal/math/FloatingDecimal$ExceptionalBinaryToASCIIBuffer
Event: 1.064 loading class jdk/internal/math/FloatingDecimal$BinaryToASCIIConverter
Event: 1.064 loading class jdk/internal/math/FloatingDecimal$BinaryToASCIIConverter done
Event: 1.064 loading class jdk/internal/math/FloatingDecimal$ExceptionalBinaryToASCIIBuffer done
Event: 1.065 loading class jdk/internal/math/FloatingDecimal$BinaryToASCIIBuffer
Event: 1.065 loading class jdk/internal/math/FloatingDecimal$BinaryToASCIIBuffer done
Event: 1.065 loading class jdk/internal/math/FloatingDecimal$1
Event: 1.065 loading class jdk/internal/math/FloatingDecimal$1 done
Event: 1.065 loading class jdk/internal/math/FloatingDecimal$PreparedASCIIToBinaryBuffer
Event: 1.065 loading class jdk/internal/math/FloatingDecimal$ASCIIToBinaryConverter
Event: 1.065 loading class jdk/internal/math/FloatingDecimal$ASCIIToBinaryConverter done
Event: 1.065 loading class jdk/internal/math/FloatingDecimal$PreparedASCIIToBinaryBuffer done
Event: 1.877 loading class jdk/internal/math/FDBigInteger
Event: 1.878 loading class jdk/internal/math/FDBigInteger done
Event: 9.312 Thread 0x000002a0da1caa80 Thread added: 0x000002a0da1caa80
Event: 9.312 Thread 0x000002a0da1ca0e0 Thread added: 0x000002a0da1ca0e0
Event: 9.312 Thread 0x000002a0da1ca0e0 Thread exited: 0x000002a0da1ca0e0
Event: 9.312 Thread 0x000002a0da0bc420 Thread exited: 0x000002a0da0bc420


Dynamic libraries:
0x00007ff6008a0000 - 0x00007ff6008ae000 	C:\Users\misha\.p2\pool\plugins\org.eclipse.justj.openjdk.hotspot.jre.full.win32.x86_64_17.0.4.v20220805-1047\jre\bin\javaw.exe
0x00007ffc666b0000 - 0x00007ffc668a8000 	C:\Windows\SYSTEM32\ntdll.dll
0x00007ffc65cf0000 - 0x00007ffc65dad000 	C:\Windows\System32\KERNEL32.DLL
0x00007ffc63f20000 - 0x00007ffc641f2000 	C:\Windows\System32\KERNELBASE.dll
0x00007ffc64370000 - 0x00007ffc64470000 	C:\Windows\System32\ucrtbase.dll
0x00007ffc5db30000 - 0x00007ffc5db49000 	C:\Users\misha\.p2\pool\plugins\org.eclipse.justj.openjdk.hotspot.jre.full.win32.x86_64_17.0.4.v20220805-1047\jre\bin\VCRUNTIME140.dll
0x00007ffc5bcb0000 - 0x00007ffc5bcc8000 	C:\Users\misha\.p2\pool\plugins\org.eclipse.justj.openjdk.hotspot.jre.full.win32.x86_64_17.0.4.v20220805-1047\jre\bin\jli.dll
0x00007ffc66440000 - 0x00007ffc665dd000 	C:\Windows\System32\USER32.dll
0x00007ffc52b80000 - 0x00007ffc52e1a000 	C:\Windows\WinSxS\amd64_microsoft.windows.common-controls_6595b64144ccf1df_6.0.19041.1110_none_60b5254171f9507e\COMCTL32.dll
0x00007ffc656b0000 - 0x00007ffc6574e000 	C:\Windows\System32\msvcrt.dll
0x00007ffc64290000 - 0x00007ffc642b2000 	C:\Windows\System32\win32u.dll
0x00007ffc65cc0000 - 0x00007ffc65ceb000 	C:\Windows\System32\GDI32.dll
0x00007ffc63dc0000 - 0x00007ffc63ecf000 	C:\Windows\System32\gdi32full.dll
0x00007ffc64670000 - 0x00007ffc6470d000 	C:\Windows\System32\msvcp_win.dll
0x00007ffc65fa0000 - 0x00007ffc65fd0000 	C:\Windows\System32\IMM32.DLL
0x00007ffc60560000 - 0x00007ffc6056c000 	C:\Users\misha\.p2\pool\plugins\org.eclipse.justj.openjdk.hotspot.jre.full.win32.x86_64_17.0.4.v20220805-1047\jre\bin\vcruntime140_1.dll
0x00007ffc3e6d0000 - 0x00007ffc3e761000 	C:\Users\misha\.p2\pool\plugins\org.eclipse.justj.openjdk.hotspot.jre.full.win32.x86_64_17.0.4.v20220805-1047\jre\bin\msvcp140.dll
0x00007ffc19670000 - 0x00007ffc1a2b6000 	C:\Users\misha\.p2\pool\plugins\org.eclipse.justj.openjdk.hotspot.jre.full.win32.x86_64_17.0.4.v20220805-1047\jre\bin\server\jvm.dll
0x00007ffc65dc0000 - 0x00007ffc65e6e000 	C:\Windows\System32\ADVAPI32.dll
0x00007ffc65970000 - 0x00007ffc65a0c000 	C:\Windows\System32\sechost.dll
0x00007ffc65e70000 - 0x00007ffc65f95000 	C:\Windows\System32\RPCRT4.dll
0x00007ffc65db0000 - 0x00007ffc65db8000 	C:\Windows\System32\PSAPI.DLL
0x00007ffc5c980000 - 0x00007ffc5c9a7000 	C:\Windows\SYSTEM32\WINMM.dll
0x00007ffc5cea0000 - 0x00007ffc5ceaa000 	C:\Windows\SYSTEM32\VERSION.dll
0x00007ffc5b100000 - 0x00007ffc5b109000 	C:\Windows\SYSTEM32\WSOCK32.dll
0x00007ffc65a10000 - 0x00007ffc65a7b000 	C:\Windows\System32\WS2_32.dll
0x00007ffc61ca0000 - 0x00007ffc61cb2000 	C:\Windows\SYSTEM32\kernel.appcore.dll
0x00007ffc59500000 - 0x00007ffc5950a000 	C:\Users\misha\.p2\pool\plugins\org.eclipse.justj.openjdk.hotspot.jre.full.win32.x86_64_17.0.4.v20220805-1047\jre\bin\jimage.dll
0x00007ffc5b170000 - 0x00007ffc5b354000 	C:\Windows\SYSTEM32\DBGHELP.DLL
0x00007ffc4cd10000 - 0x00007ffc4cd3c000 	C:\Windows\SYSTEM32\dbgcore.DLL
0x00007ffc64200000 - 0x00007ffc64282000 	C:\Windows\System32\bcryptPrimitives.dll
0x00007ffc50400000 - 0x00007ffc50425000 	C:\Users\misha\.p2\pool\plugins\org.eclipse.justj.openjdk.hotspot.jre.full.win32.x86_64_17.0.4.v20220805-1047\jre\bin\java.dll
0x00007ffc48c70000 - 0x00007ffc48c88000 	C:\Users\misha\.p2\pool\plugins\org.eclipse.justj.openjdk.hotspot.jre.full.win32.x86_64_17.0.4.v20220805-1047\jre\bin\zip.dll
0x00007ffc64a70000 - 0x00007ffc651b3000 	C:\Windows\System32\SHELL32.dll
0x00007ffc61ea0000 - 0x00007ffc62631000 	C:\Windows\SYSTEM32\windows.storage.dll
0x00007ffc64710000 - 0x00007ffc64a64000 	C:\Windows\System32\combase.dll
0x00007ffc63740000 - 0x00007ffc63770000 	C:\Windows\SYSTEM32\Wldp.dll
0x00007ffc651d0000 - 0x00007ffc6527d000 	C:\Windows\System32\SHCORE.dll
0x00007ffc65840000 - 0x00007ffc65895000 	C:\Windows\System32\shlwapi.dll
0x00007ffc63d00000 - 0x00007ffc63d1f000 	C:\Windows\SYSTEM32\profapi.dll
0x00007ffc48c50000 - 0x00007ffc48c69000 	C:\Users\misha\.p2\pool\plugins\org.eclipse.justj.openjdk.hotspot.jre.full.win32.x86_64_17.0.4.v20220805-1047\jre\bin\net.dll
0x00007ffc55110000 - 0x00007ffc5521d000 	C:\Windows\SYSTEM32\WINHTTP.dll
0x00007ffc634a0000 - 0x00007ffc6350a000 	C:\Windows\system32\mswsock.dll
0x00007ffc404d0000 - 0x00007ffc404e5000 	C:\Users\misha\.p2\pool\plugins\org.eclipse.justj.openjdk.hotspot.jre.full.win32.x86_64_17.0.4.v20220805-1047\jre\bin\nio.dll
0x00007ffc3dbc0000 - 0x00007ffc3dd4e000 	C:\Users\misha\.p2\pool\plugins\org.eclipse.justj.openjdk.hotspot.jre.full.win32.x86_64_17.0.4.v20220805-1047\jre\bin\awt.dll
0x00007ffc658a0000 - 0x00007ffc6596d000 	C:\Windows\System32\OLEAUT32.dll
0x00007ffc614f0000 - 0x00007ffc61581000 	C:\Windows\SYSTEM32\apphelp.dll
0x00007ffc61ac0000 - 0x00007ffc61aef000 	C:\Windows\system32\DWMAPI.DLL
0x00007ffc617c0000 - 0x00007ffc6185e000 	C:\Windows\system32\uxtheme.dll
0x00007ffc3d630000 - 0x00007ffc3d757000 	C:\Windows\system32\opengl32.dll
0x00007ffc5b110000 - 0x00007ffc5b13c000 	C:\Windows\SYSTEM32\GLU32.dll
0x00007ffc652e0000 - 0x00007ffc653f5000 	C:\Windows\System32\MSCTF.dll
0x00007ffc65a80000 - 0x00007ffc65baa000 	C:\Windows\System32\ole32.dll
0x00007ffc63ed0000 - 0x00007ffc63f1e000 	C:\Windows\System32\cfgmgr32.dll
0x00007ffc64470000 - 0x00007ffc64497000 	C:\Windows\System32\bcrypt.dll
0x00007ffc592c0000 - 0x00007ffc592fb000 	C:\Windows\SYSTEM32\dxcore.dll
0x00007ffc3e500000 - 0x00007ffc3e586000 	C:\Users\misha\.p2\pool\plugins\org.eclipse.justj.openjdk.hotspot.jre.full.win32.x86_64_17.0.4.v20220805-1047\jre\bin\freetype.dll
0x00007ffc3d580000 - 0x00007ffc3d628000 	C:\Users\misha\.p2\pool\plugins\org.eclipse.justj.openjdk.hotspot.jre.full.win32.x86_64_17.0.4.v20220805-1047\jre\bin\fontmanager.dll
0x00007ffc58d00000 - 0x00007ffc58df9000 	C:\Windows\SYSTEM32\textinputframework.dll
0x00007ffc61170000 - 0x00007ffc61262000 	C:\Windows\System32\CoreMessaging.dll
0x00007ffc60e10000 - 0x00007ffc6116e000 	C:\Windows\System32\CoreUIComponents.dll
0x00007ffc60740000 - 0x00007ffc60894000 	C:\Windows\SYSTEM32\wintypes.dll
0x00007ffc62ee0000 - 0x00007ffc62f13000 	C:\Windows\SYSTEM32\ntmarta.dll

dbghelp: loaded successfully - version: 4.0.5 - missing functions: none
symbol engine: initialized successfully - sym options: 0x614 - pdb path: .;C:\Users\misha\.p2\pool\plugins\org.eclipse.justj.openjdk.hotspot.jre.full.win32.x86_64_17.0.4.v20220805-1047\jre\bin;C:\Windows\SYSTEM32;C:\Windows\WinSxS\amd64_microsoft.windows.common-controls_6595b64144ccf1df_6.0.19041.1110_none_60b5254171f9507e;C:\Users\misha\.p2\pool\plugins\org.eclipse.justj.openjdk.hotspot.jre.full.win32.x86_64_17.0.4.v20220805-1047\jre\bin\server;C:\Windows\System32\DriverStore\FileRepository\u0376209.inf_amd64_b3bdffadea4def3f\B374968

VM Arguments:
jvm_args: -Dfile.encoding=UTF-8 --module-path=C:\Users\misha\git\checkmate\chess\bin -XX:+ShowCodeDetailsInExceptionMessages -Djdk.module.main=chess 
java_command: chess/com.checkmate.main.Main
java_class_path (initial): <not set>
Launcher Type: SUN_STANDARD

[Global flags]
     intx CICompilerCount                          = 4                                         {product} {ergonomic}
     uint ConcGCThreads                            = 2                                         {product} {ergonomic}
     uint G1ConcRefinementThreads                  = 8                                         {product} {ergonomic}
   size_t G1HeapRegionSize                         = 2097152                                   {product} {ergonomic}
    uintx GCDrainStackTargetSize                   = 64                                        {product} {ergonomic}
   size_t InitialHeapSize                          = 234881024                                 {product} {ergonomic}
   size_t MarkStackSize                            = 4194304                                   {product} {ergonomic}
   size_t MaxHeapSize                              = 3745513472                                {product} {ergonomic}
   size_t MaxNewSize                               = 2246049792                                {product} {ergonomic}
   size_t MinHeapDeltaBytes                        = 2097152                                   {product} {ergonomic}
   size_t MinHeapSize                              = 8388608                                   {product} {ergonomic}
    uintx NonNMethodCodeHeapSize                   = 5839372                                {pd product} {ergonomic}
    uintx NonProfiledCodeHeapSize                  = 122909434                              {pd product} {ergonomic}
    uintx ProfiledCodeHeapSize                     = 122909434                              {pd product} {ergonomic}
    uintx ReservedCodeCacheSize                    = 251658240                              {pd product} {ergonomic}
     bool SegmentedCodeCache                       = true                                      {product} {ergonomic}
     bool ShowCodeDetailsInExceptionMessages       = true                                   {manageable} {command line}
   size_t SoftMaxHeapSize                          = 3745513472                             {manageable} {ergonomic}
     bool UseCompressedClassPointers               = true                           {product lp64_product} {ergonomic}
     bool UseCompressedOops                        = true                           {product lp64_product} {ergonomic}
     bool UseG1GC                                  = true                                      {product} {ergonomic}
     bool UseLargePagesIndividualAllocation        = false                                  {pd product} {ergonomic}

Logging:
Log output configuration:
 #0: stdout all=warning uptime,level,tags
 #1: stderr all=off uptime,level,tags

Environment Variables:
PATH=C:/Users/misha/.p2/pool/plugins/org.eclipse.justj.openjdk.hotspot.jre.full.win32.x86_64_17.0.4.v20220805-1047/jre/bin/server;C:/Users/misha/.p2/pool/plugins/org.eclipse.justj.openjdk.hotspot.jre.full.win32.x86_64_17.0.4.v20220805-1047/jre/bin;C:\Program Files (x86)\Common Files\Oracle\Java\javapath;D:\VMware\bin\;C:\Windows\system32;C:\Windows;C:\Windows\System32\Wbem;C:\Windows\System32\WindowsPowerShell\v1.0\;C:\Windows\System32\OpenSSH\;C:\Program Files\NVIDIA Corporation\NVIDIA NvDLISR;C:\Program Files (x86)\NVIDIA Corporation\PhysX\Common;C:\Program Files\Cloudflare\Cloudflare WARP\;C:\Program Files (x86)\QuickTime\QTSystem\;C:\Program Files\Git\cmd;C:\Program Files\Microsoft SQL Server\150\Tools\Binn\;C:\Program Files\Microsoft SQL Server\Client SDK\ODBC\170\Tools\Binn\;C:\Program Files\dotnet\;C:\Program Files\PuTTY\;C:\Users\misha\AppData\Local\Microsoft\WindowsApps;;C:\Users\misha\AppData\Local\Programs\Microsoft VS Code\bin;C:\Users\misha\.dotnet\tools;C:\Windows\System32;
USERNAME=misha
OS=Windows_NT
PROCESSOR_IDENTIFIER=AMD64 Family 23 Model 24 Stepping 1, AuthenticAMD
TMP=C:\Users\misha\AppData\Local\Temp
TEMP=C:\Users\misha\AppData\Local\Temp



---------------  S Y S T E M  ---------------

OS:
 Windows 10 , 64 bit Build 19041 (10.0.19041.1889)
OS uptime: 4 days 20:44 hours

CPU: total 8 (initial active 8) (8 cores per cpu, 2 threads per core) family 23 model 24 stepping 1 microcode 0x0, cx8, cmov, fxsr, ht, mmx, 3dnowpref, sse, sse2, sse3, ssse3, sse4a, sse4.1, sse4.2, popcnt, lzcnt, tsc, tscinvbit, avx, avx2, aes, clmul, bmi1, bmi2, adx, sha, fma, vzeroupper, clflush, clflushopt

Memory: 4k page, system-wide physical 14284M (7186M free)
TotalPageFile size 27084M (AvailPageFile size 14674M)
current process WorkingSet (physical memory assigned to process): 155M, peak: 165M
current process commit charge ("private bytes"): 363M, peak: 383M

vm_info: OpenJDK 64-Bit Server VM (17.0.4+8) for windows-amd64 JRE (17.0.4+8), built on Jul 19 2022 16:05:16 by "temurin" with MS VC++ 16.7 (VS2019)

END.
